[2019-07-26 15:27:01,191][main] [root] com.briup.smarthome.util.LogImpl.info(LogImpl.java:26): 服务器已启动...
[2019-07-26 15:27:01,205][main] [root] com.briup.smarthome.util.LogImpl.info(LogImpl.java:26): 服务器等待客户端连接...
[2019-07-26 15:27:20,177][main] [root] com.briup.smarthome.util.LogImpl.debug(LogImpl.java:21): 有效数据：65737
[2019-07-26 15:27:20,179][main] [root] com.briup.smarthome.util.LogImpl.debug(LogImpl.java:21): 温度湿度：32743
[2019-07-26 15:27:20,179][main] [root] com.briup.smarthome.util.LogImpl.debug(LogImpl.java:21): 光照强度：22926
[2019-07-26 15:27:20,180][main] [root] com.briup.smarthome.util.LogImpl.debug(LogImpl.java:21): 二氧化碳：10068
[2019-07-26 15:27:20,182][main] [root] com.briup.smarthome.util.LogImpl.info(LogImpl.java:26): 启动客户端...
[2019-07-26 15:27:20,190][main] [root] com.briup.smarthome.util.LogImpl.info(LogImpl.java:26): 客户端启动成功...
[2019-07-26 15:27:20,191][main] [root] com.briup.smarthome.util.LogImpl.info(LogImpl.java:26): 客户端连接成功...
[2019-07-26 15:27:20,192][main] [root] com.briup.smarthome.util.LogImpl.info(LogImpl.java:26): 客户端准备发送98480条数据...
[2019-07-26 15:27:20,262][main] [root] com.briup.smarthome.util.LogImpl.info(LogImpl.java:26): 服务器开始接收数据....
[2019-07-26 15:27:33,963][main] [root] com.briup.smarthome.util.LogImpl.info(LogImpl.java:26): 客户端数据发送成功...
[2019-07-26 15:27:33,963][main] [root] com.briup.smarthome.util.LogImpl.info(LogImpl.java:26): 服务器共接收到数据98480条...
[2019-07-26 15:27:33,979][main] [root] com.briup.smarthome.util.LogImpl.info(LogImpl.java:26): 服务器接收到[温度]的数据32743条...
[2019-07-26 15:27:33,979][main] [root] com.briup.smarthome.util.LogImpl.info(LogImpl.java:26): 服务器接收到[湿度]的数据32743条...
[2019-07-26 15:27:33,979][main] [root] com.briup.smarthome.util.LogImpl.info(LogImpl.java:26): 服务器接收到[光照强度]的数据22926条...
[2019-07-26 15:27:33,980][main] [root] com.briup.smarthome.util.LogImpl.info(LogImpl.java:26): 服务器接收到[二氧化碳]的数据10068条...
[2019-07-26 15:27:33,980][main] [root] com.briup.smarthome.util.LogImpl.info(LogImpl.java:26): 服务端开始连接数据库...
[2019-07-26 15:27:34,144][main] [root] com.briup.smarthome.util.LogImpl.info(LogImpl.java:26): 服务端数据库连接成功...
[2019-07-26 15:27:34,144][main] [root] com.briup.smarthome.util.LogImpl.info(LogImpl.java:26): 服务端开始写入数据到数据库...98480条
[2019-07-26 15:27:35,610][main] [root] com.briup.smarthome.util.LogImpl.info(LogImpl.java:26): 服务端写入数据库成功...
[2019-07-26 15:27:35,611][main] [root] com.briup.smarthome.util.LogImpl.debug(LogImpl.java:21): t_detail_22表中插入数据9589条
[2019-07-26 15:27:35,612][main] [root] com.briup.smarthome.util.LogImpl.debug(LogImpl.java:21): t_detail_23表中插入数据1735条
[2019-07-26 15:27:35,612][main] [root] com.briup.smarthome.util.LogImpl.debug(LogImpl.java:21): t_detail_24表中插入数据2656条
[2019-07-26 15:27:35,613][main] [root] com.briup.smarthome.util.LogImpl.debug(LogImpl.java:21): t_detail_25表中插入数据11440条
[2019-07-26 15:27:35,613][main] [root] com.briup.smarthome.util.LogImpl.debug(LogImpl.java:21): t_detail_26表中插入数据3条
[2019-07-26 15:27:35,613][main] [root] com.briup.smarthome.util.LogImpl.debug(LogImpl.java:21): t_detail_19表中插入数据37897条
[2019-07-26 15:27:35,614][main] [root] com.briup.smarthome.util.LogImpl.debug(LogImpl.java:21): t_detail_20表中插入数据20721条
[2019-07-26 15:27:35,615][main] [root] com.briup.smarthome.util.LogImpl.debug(LogImpl.java:21): t_detail_21表中插入数据14439条
[2019-07-26 15:41:28,539][main] [root] com.briup.smarthome.util.LogImpl.info(LogImpl.java:26): 服务器已启动...
[2019-07-26 15:41:28,553][main] [root] com.briup.smarthome.util.LogImpl.info(LogImpl.java:26): 服务器等待客户端连接...
[2019-07-26 15:41:53,228][main] [root] com.briup.smarthome.util.LogImpl.debug(LogImpl.java:21): 有效数据：65737
[2019-07-26 15:41:53,233][main] [root] com.briup.smarthome.util.LogImpl.debug(LogImpl.java:21): 温度湿度：32743
[2019-07-26 15:41:53,234][main] [root] com.briup.smarthome.util.LogImpl.debug(LogImpl.java:21): 光照强度：22926
[2019-07-26 15:41:53,235][main] [root] com.briup.smarthome.util.LogImpl.debug(LogImpl.java:21): 二氧化碳：10068
[2019-07-26 15:41:53,239][main] [root] com.briup.smarthome.util.LogImpl.info(LogImpl.java:26): 启动客户端...
[2019-07-26 15:41:53,278][main] [root] com.briup.smarthome.util.LogImpl.info(LogImpl.java:26): 客户端启动成功...
[2019-07-26 15:41:53,278][main] [root] com.briup.smarthome.util.LogImpl.info(LogImpl.java:26): 客户端连接成功...
[2019-07-26 15:41:53,281][main] [root] com.briup.smarthome.util.LogImpl.info(LogImpl.java:26): 客户端准备发送98480条数据...
[2019-07-26 15:41:53,375][main] [root] com.briup.smarthome.util.LogImpl.info(LogImpl.java:26): 服务器开始接收数据....
[2019-07-26 15:42:06,891][main] [root] com.briup.smarthome.util.LogImpl.info(LogImpl.java:26): 客户端数据发送成功...
[2019-07-26 15:42:06,891][main] [root] com.briup.smarthome.util.LogImpl.info(LogImpl.java:26): 服务器共接收到数据98480条...
[2019-07-26 15:42:06,918][main] [root] com.briup.smarthome.util.LogImpl.info(LogImpl.java:26): 服务器接收到[温度]的数据32743条...
[2019-07-26 15:42:06,918][main] [root] com.briup.smarthome.util.LogImpl.info(LogImpl.java:26): 服务器接收到[湿度]的数据32743条...
[2019-07-26 15:42:06,918][main] [root] com.briup.smarthome.util.LogImpl.info(LogImpl.java:26): 服务器接收到[光照强度]的数据22926条...
[2019-07-26 15:42:06,919][main] [root] com.briup.smarthome.util.LogImpl.info(LogImpl.java:26): 服务器接收到[二氧化碳]的数据10068条...
[2019-07-26 15:42:06,919][main] [root] com.briup.smarthome.util.LogImpl.info(LogImpl.java:26): 服务端开始连接数据库...
[2019-07-26 15:42:07,064][main] [root] com.briup.smarthome.util.LogImpl.info(LogImpl.java:26): 服务端数据库连接成功...
[2019-07-26 15:42:07,064][main] [root] com.briup.smarthome.util.LogImpl.info(LogImpl.java:26): 服务端开始写入数据到数据库...98480条
[2019-07-26 15:42:07,764][main] [root] com.briup.smarthome.util.LogImpl.info(LogImpl.java:26): 服务端写入数据库成功...
[2019-07-26 15:42:07,765][main] [root] com.briup.smarthome.util.LogImpl.debug(LogImpl.java:21): t_detail_22表中插入数据9589条
[2019-07-26 15:42:07,766][main] [root] com.briup.smarthome.util.LogImpl.debug(LogImpl.java:21): t_detail_23表中插入数据1735条
[2019-07-26 15:42:07,766][main] [root] com.briup.smarthome.util.LogImpl.debug(LogImpl.java:21): t_detail_24表中插入数据2656条
[2019-07-26 15:42:07,768][main] [root] com.briup.smarthome.util.LogImpl.debug(LogImpl.java:21): t_detail_25表中插入数据11440条
[2019-07-26 15:42:07,768][main] [root] com.briup.smarthome.util.LogImpl.debug(LogImpl.java:21): t_detail_26表中插入数据3条
[2019-07-26 15:42:07,768][main] [root] com.briup.smarthome.util.LogImpl.debug(LogImpl.java:21): t_detail_19表中插入数据37897条
[2019-07-26 15:42:07,768][main] [root] com.briup.smarthome.util.LogImpl.debug(LogImpl.java:21): t_detail_20表中插入数据20721条
[2019-07-26 15:42:07,768][main] [root] com.briup.smarthome.util.LogImpl.debug(LogImpl.java:21): t_detail_21表中插入数据14439条
[2019-07-26 15:42:42,811][main] [root] com.briup.smarthome.util.LogImpl.info(LogImpl.java:26): 服务器已启动...
[2019-07-26 15:42:42,826][main] [root] com.briup.smarthome.util.LogImpl.info(LogImpl.java:26): 服务器等待客户端连接...
[2019-07-26 15:46:39,434][main] [root] com.briup.smarthome.util.LogImpl.debug(LogImpl.java:21): 有效数据：0
[2019-07-26 15:46:39,449][main] [root] com.briup.smarthome.util.LogImpl.debug(LogImpl.java:21): 温度湿度：0
[2019-07-26 15:46:39,449][main] [root] com.briup.smarthome.util.LogImpl.debug(LogImpl.java:21): 光照强度：0
[2019-07-26 15:46:39,449][main] [root] com.briup.smarthome.util.LogImpl.debug(LogImpl.java:21): 二氧化碳：0
[2019-07-26 15:46:39,451][main] [root] com.briup.smarthome.util.LogImpl.info(LogImpl.java:26): 启动客户端...
[2019-07-26 15:46:39,459][main] [root] com.briup.smarthome.util.LogImpl.info(LogImpl.java:26): 客户端启动成功...
[2019-07-26 15:46:39,460][main] [root] com.briup.smarthome.util.LogImpl.info(LogImpl.java:26): 客户端连接成功...
[2019-07-26 15:46:39,461][main] [root] com.briup.smarthome.util.LogImpl.info(LogImpl.java:26): 客户端准备发送0条数据...
[2019-07-26 15:46:39,467][main] [root] com.briup.smarthome.util.LogImpl.info(LogImpl.java:26): 客户端数据发送成功...
[2019-07-26 15:46:39,577][main] [root] com.briup.smarthome.util.LogImpl.info(LogImpl.java:26): 服务器开始接收数据....
[2019-07-26 15:46:39,585][main] [root] com.briup.smarthome.util.LogImpl.info(LogImpl.java:26): 服务器共接收到数据0条...
[2019-07-26 15:46:39,586][main] [root] com.briup.smarthome.util.LogImpl.info(LogImpl.java:26): 服务器接收到[温度]的数据0条...
[2019-07-26 15:46:39,586][main] [root] com.briup.smarthome.util.LogImpl.info(LogImpl.java:26): 服务器接收到[湿度]的数据0条...
[2019-07-26 15:46:39,586][main] [root] com.briup.smarthome.util.LogImpl.info(LogImpl.java:26): 服务器接收到[光照强度]的数据0条...
[2019-07-26 15:46:39,586][main] [root] com.briup.smarthome.util.LogImpl.info(LogImpl.java:26): 服务器接收到[二氧化碳]的数据0条...
[2019-07-26 15:46:39,587][main] [root] com.briup.smarthome.util.LogImpl.info(LogImpl.java:26): 服务端开始连接数据库...
[2019-07-26 15:46:39,748][main] [root] com.briup.smarthome.util.LogImpl.info(LogImpl.java:26): 服务端数据库连接成功...
[2019-07-26 15:46:39,748][main] [root] com.briup.smarthome.util.LogImpl.info(LogImpl.java:26): 服务端开始写入数据到数据库...0条
[2019-07-26 15:46:39,749][main] [root] com.briup.smarthome.util.LogImpl.info(LogImpl.java:26): 服务端写入数据库成功...
